TN:
SF:src/app.ts
FN:12,(anonymous_7)
FNF:1
FNH:1
FNDA:1,(anonymous_7)
DA:1,1
DA:2,1
DA:3,1
DA:4,1
DA:5,1
DA:7,1
DA:9,1
DA:12,1
DA:13,1
DA:16,1
DA:17,1
DA:19,1
LF:12
LH:12
BRF:0
BRH:0
end_of_record
TN:
SF:src/database.ts
FNF:0
FNH:0
DA:1,1
DA:3,1
DA:5,1
LF:3
LH:3
BRF:0
BRH:0
end_of_record
TN:
SF:src/controllers/messages-controller.ts
FN:6,getAllMessages
FNF:1
FNH:1
FNDA:1,getAllMessages
DA:2,1
DA:3,1
DA:4,1
DA:6,1
DA:7,1
DA:8,1
DA:9,0
DA:11,1
LF:8
LH:7
BRDA:8,0,0,0
BRF:1
BRH:0
end_of_record
TN:
SF:src/errors/index.ts
FN:3,NotFound
FNF:1
FNH:0
FNDA:0,NotFound
DA:1,1
DA:3,1
DA:4,0
LF:3
LH:2
BRF:0
BRH:0
end_of_record
TN:
SF:src/middlewares/error-middleware.ts
FN:8,errorHandlingMiddleware
FNF:1
FNH:0
FNDA:0,errorHandlingMiddleware
DA:2,1
DA:8,1
DA:14,0
DA:15,0
DA:18,0
DA:19,0
DA:22,0
DA:23,0
DA:26,0
DA:27,0
LF:10
LH:2
BRDA:14,0,0,0
BRDA:18,1,0,0
BRDA:22,2,0,0
BRF:3
BRH:0
end_of_record
TN:
SF:src/repositories/messages-repository.ts
FN:6,findAllMessages
FNF:1
FNH:1
FNDA:1,findAllMessages
DA:2,1
DA:7,1
DA:10,1
DA:14,1
LF:4
LH:4
BRF:0
BRH:0
end_of_record
TN:
SF:src/routers/messages-router.ts
FNF:0
FNH:0
DA:1,1
DA:2,1
DA:4,1
DA:6,1
DA:8,1
LF:5
LH:5
BRF:0
BRH:0
end_of_record
TN:
SF:src/services/messages-services.ts
FN:3,getAllMessages
FNF:1
FNH:1
FNDA:1,getAllMessages
DA:1,1
DA:4,1
DA:5,1
DA:8,1
DA:12,1
LF:5
LH:5
BRF:0
BRH:0
end_of_record
TN:
SF:tests/factories/massage-factory.ts
FN:4,createMessage
FNF:1
FNH:1
FNDA:2,createMessage
DA:1,1
DA:2,1
DA:4,1
DA:5,2
LF:4
LH:4
BRDA:7,0,0,2
BRDA:7,0,1,2
BRF:2
BRH:2
end_of_record
